03/10/2011 14:28:45: Starting stabilization_prover_lazy network={{var=1; inputs={2}; f=(var(2))},{var=2; inputs={1}; f=(var(1))}}, range={2=(0,1),1=(0,1)}
03/10/2011 14:28:45: Stepping: bounds={2=(0,1),1=(0,1)}
03/10/2011 14:28:45: Stepping: bounds={2=(0,1),1=(0,1)}
03/10/2011 14:28:45: Not Stabilizing. Looking for a CEx...
03/10/2011 14:28:45: (or (and (= 1^0 (+ 1^0 1)) (> (to_int (* (+ (to_real 2^0) 0) 1)) 1^0))
    (and (= 1^0 1^0) (= (to_int (* (+ (to_real 2^0) 0) 1)) 1^0))
    (and (= 1^0 (+ 1^0 (* -1 1))) (< (to_int (* (+ (to_real 2^0) 0) 1)) 1^0)))
03/10/2011 14:28:45: (or (and (= 2^0 (+ 2^0 1)) (> (to_int (* (+ (to_real 1^0) 0) 1)) 2^0))
    (and (= 2^0 2^0) (= (to_int (* (+ (to_real 1^0) 0) 1)) 2^0))
    (and (= 2^0 (+ 2^0 (* -1 1))) (< (to_int (* (+ (to_real 1^0) 0) 1)) 2^0)))
03/10/2011 14:28:45: (>= 1^0 0)
03/10/2011 14:28:45: (<= 1^0 1)
03/10/2011 14:28:45: (>= 1^0 0)
03/10/2011 14:28:45: (<= 1^0 1)
03/10/2011 14:28:45: (>= 2^0 0)
03/10/2011 14:28:45: (<= 2^0 1)
03/10/2011 14:28:45: (>= 2^0 0)
03/10/2011 14:28:45: (<= 2^0 1)
03/10/2011 14:28:45: Bifurcates with fix1: {2^0=0,1^0=0}, fix2:{2^0=1,1^0=1}
03/10/2011 14:28:45: Stepping: bounds={2=(0,1),1=(0,1)}
03/10/2011 14:28:45: Stepping: bounds={2=(0,1),1=(0,1)}
03/10/2011 14:28:45: Not Stabilizing. Looking for a CEx...
03/10/2011 14:28:45: (or (and (= 1^0 (+ 1^0 1)) (> (to_int (* (+ (to_real 2^0) 0) 1)) 1^0))
    (and (= 1^0 1^0) (= (to_int (* (+ (to_real 2^0) 0) 1)) 1^0))
    (and (= 1^0 (+ 1^0 (* -1 1))) (< (to_int (* (+ (to_real 2^0) 0) 1)) 1^0)))
03/10/2011 14:28:45: (or (and (= 2^0 (+ 2^0 1)) (> (to_int (* (+ (to_real 1^0) 0) 1)) 2^0))
    (and (= 2^0 2^0) (= (to_int (* (+ (to_real 1^0) 0) 1)) 2^0))
    (and (= 2^0 (+ 2^0 (* -1 1))) (< (to_int (* (+ (to_real 1^0) 0) 1)) 2^0)))
03/10/2011 14:28:45: (>= 1^0 0)
03/10/2011 14:28:45: (<= 1^0 1)
03/10/2011 14:28:45: (>= 1^0 0)
03/10/2011 14:28:45: (<= 1^0 1)
03/10/2011 14:28:45: (>= 2^0 0)
03/10/2011 14:28:45: (<= 2^0 1)
03/10/2011 14:28:45: (>= 2^0 0)
03/10/2011 14:28:45: (<= 2^0 1)
03/10/2011 14:28:45: Bifurcates with fix1: {2^0=0,1^0=0}, fix2:{2^0=1,1^0=1}
